2024-05-19 19:58:10,064 INFO [AWT-EventQueue-0] n.b.f.RunProcessFunction [RunProcessFunction.java:29] -- /C:/crea/projets/whisperTextExtractor/target/classes/ -version
2024-05-19 19:58:10,069 ERROR [AWT-EventQueue-0] f.w.MainWindow [FileConvertor.java:49] -- Error trying to load folders. Check all folder are corrects.
java.io.IOException: Cannot run program "/C:/crea/projets/whisperTextExtractor/target/classes/": CreateProcess error=5, Access is denied
	at java.base/java.lang.ProcessBuilder.start(ProcessBuilder.java:1143)
	at java.base/java.lang.ProcessBuilder.start(ProcessBuilder.java:1073)
	at net.bramp.ffmpeg.RunProcessFunction.run(RunProcessFunction.java:37)
	at net.bramp.ffmpeg.FFcommon.version(FFcommon.java:65)
	at net.bramp.ffmpeg.FFmpeg.version(FFmpeg.java:31)
	at net.bramp.ffmpeg.FFmpeg.<init>(FFmpeg.java:95)
	at net.bramp.ffmpeg.FFmpeg.<init>(FFmpeg.java:90)
	at fr.wtx.FileConvertor.convert(FileConvertor.java:25)
	at fr.wtx.MainWindow.launchExtraction(MainWindow.java:139)
	at fr.wtx.MainWindow.lambda$0(MainWindow.java:105)
	at java.desktop/javax.swing.AbstractButton.fireActionPerformed(AbstractButton.java:1972)
	at java.desktop/javax.swing.AbstractButton$Handler.actionPerformed(AbstractButton.java:2313)
	at java.desktop/javax.swing.DefaultButtonModel.fireActionPerformed(DefaultButtonModel.java:405)
	at java.desktop/javax.swing.DefaultButtonModel.setPressed(DefaultButtonModel.java:262)
	at java.desktop/javax.swing.plaf.basic.BasicButtonListener.mouseReleased(BasicButtonListener.java:279)
	at com.github.weisj.darklaf.ui.button.DarkButtonListener.mouseReleased(DarkButtonListener.java:73)
	at java.desktop/java.awt.Component.processMouseEvent(Component.java:6626)
	at java.desktop/javax.swing.JComponent.processMouseEvent(JComponent.java:3389)
	at java.desktop/java.awt.Component.processEvent(Component.java:6391)
	at java.desktop/java.awt.Container.processEvent(Container.java:2266)
	at java.desktop/java.awt.Component.dispatchEventImpl(Component.java:5001)
	at java.desktop/java.awt.Container.dispatchEventImpl(Container.java:2324)
	at java.desktop/java.awt.Component.dispatchEvent(Component.java:4833)
	at java.desktop/java.awt.LightweightDispatcher.retargetMouseEvent(Container.java:4948)
	at java.desktop/java.awt.LightweightDispatcher.processMouseEvent(Container.java:4575)
	at java.desktop/java.awt.LightweightDispatcher.dispatchEvent(Container.java:4516)
	at java.desktop/java.awt.Container.dispatchEventImpl(Container.java:2310)
	at java.desktop/java.awt.Window.dispatchEventImpl(Window.java:2780)
	at java.desktop/java.awt.Component.dispatchEvent(Component.java:4833)
	at java.desktop/java.awt.EventQueue.dispatchEventImpl(EventQueue.java:775)
	at java.desktop/java.awt.EventQueue$4.run(EventQueue.java:720)
	at java.desktop/java.awt.EventQueue$4.run(EventQueue.java:714)
	at java.base/java.security.AccessController.doPrivileged(AccessController.java:399)
	at java.base/java.security.ProtectionDomain$JavaSecurityAccessImpl.doIntersectionPrivilege(ProtectionDomain.java:86)
	at java.base/java.security.ProtectionDomain$JavaSecurityAccessImpl.doIntersectionPrivilege(ProtectionDomain.java:97)
	at java.desktop/java.awt.EventQueue$5.run(EventQueue.java:747)
	at java.desktop/java.awt.EventQueue$5.run(EventQueue.java:745)
	at java.base/java.security.AccessController.doPrivileged(AccessController.java:399)
	at java.base/java.security.ProtectionDomain$JavaSecurityAccessImpl.doIntersectionPrivilege(ProtectionDomain.java:86)
	at java.desktop/java.awt.EventQueue.dispatchEvent(EventQueue.java:744)
	at java.desktop/java.awt.EventDispatchThread.pumpOneEventForFilters(EventDispatchThread.java:203)
	at java.desktop/java.awt.EventDispatchThread.pumpEventsForFilter(EventDispatchThread.java:124)
	at java.desktop/java.awt.EventDispatchThread.pumpEventsForHierarchy(EventDispatchThread.java:113)
	at java.desktop/java.awt.EventDispatchThread.pumpEvents(EventDispatchThread.java:109)
	at java.desktop/java.awt.EventDispatchThread.pumpEvents(EventDispatchThread.java:101)
	at java.desktop/java.awt.EventDispatchThread.run(EventDispatchThread.java:90)
Caused by: java.io.IOException: CreateProcess error=5, Access is denied
	at java.base/java.lang.ProcessImpl.create(Native Method)
	at java.base/java.lang.ProcessImpl.<init>(ProcessImpl.java:499)
	at java.base/java.lang.ProcessImpl.start(ProcessImpl.java:158)
	at java.base/java.lang.ProcessBuilder.start(ProcessBuilder.java:1110)
	... 45 common frames omitted
2024-05-19 20:08:38,695 INFO [AWT-EventQueue-0] n.b.f.RunProcessFunction [RunProcessFunction.java:29] -- C:\outils\ffmpeg-2024-05-15-git-7b47099bc0-full_build\bin\ffmpeg.exe -version
2024-05-19 20:08:39,250 INFO [AWT-EventQueue-0] n.b.f.RunProcessFunction [RunProcessFunction.java:29] -- C:\outils\ffmpeg-2024-05-15-git-7b47099bc0-full_build\bin\ffmpeg.exe -y -v error -i C:\Users\User\Downloads\bagel.m4a -strict experimental -f wav -vn -acodec pcm_s16le -ar 44100 C:\Users\User\Desktop;temp.wav
2024-05-19 20:11:41,457 INFO [AWT-EventQueue-0] n.b.f.RunProcessFunction [RunProcessFunction.java:29] -- C:\outils\ffmpeg-2024-05-15-git-7b47099bc0-full_build\bin\ffmpeg.exe -version
2024-05-19 20:11:41,530 INFO [AWT-EventQueue-0] n.b.f.RunProcessFunction [RunProcessFunction.java:29] -- C:\outils\ffmpeg-2024-05-15-git-7b47099bc0-full_build\bin\ffmpeg.exe -y -v error -i C:\Users\User\Downloads\bagel.m4a -strict experimental -f wav -vn -acodec pcm_s16le -ar 44100 C:\crea\projets\whisperTextExtractor\temp.wav
